[    0.000000] Linux version 4.15.0-51-generic (buildd@lgw01-amd64-059) (gcc version 7.3.0 (Ubuntu 7.3.0-16ubuntu3)) #55-Ubuntu SMP Wed May 15 14:27:21 UTC 2019 (Ubuntu 4.15.0-51.55-generic 4.15.18)
[    0.000000] Command line: BOOT_IMAGE=/boot/vmlinuz-4.15.0-51-generic root=UUID=6e3e6626-edb6-47be-8d23-9abf2fdd1620 ro console=tty1 console=ttyS0
[    0.000000] KERNEL supported cpus:
[    0.000000]   Intel GenuineIntel
[    0.000000]   AMD AuthenticAMD
[    0.000000]   Centaur CentaurHauls
[    0.000000] x86/fpu: Supporting XSAVE feature 0x001: 'x87 floating point registers'
[    0.000000] x86/fpu: Supporting XSAVE feature 0x002: 'SSE registers'
[    0.000000] x86/fpu: Supporting XSAVE feature 0x004: 'AVX registers'
[    0.000000] x86/fpu: xstate_offset[2]:  576, xstate_sizes[2]:  256
[    0.000000] x86/fpu: Enabled xstate features 0x7, context size is 832 bytes, using 'standard' format.
[    0.000000] e820: BIOS-provided physical RAM map:
[    0.000000] BIOS-e820: [mem 0x0000000000000000-0x000000000009fbff] usable
[    0.000000] BIOS-e820: [mem 0x000000000009fc00-0x000000000009ffff] reserved
[    0.000000] BIOS-e820: [mem 0x00000000000f0000-0x00000000000fffff] reserved
[    0.000000] BIOS-e820: [mem 0x0000000000100000-0x000000007ffeffff] usable
[    0.000000] BIOS-e820: [mem 0x000000007fff0000-0x000000007fffffff] ACPI data
[    0.000000] BIOS-e820: [mem 0x00000000fec00000-0x00000000fec00fff] reserved
[    0.000000] BIOS-e820: [mem 0x00000000fee00000-0x00000000fee00fff] reserved
[    0.000000] BIOS-e820: [mem 0x00000000fffc0000-0x00000000ffffffff] reserved
[    0.000000] NX (Execute Disable) protection: active
[    0.000000] SMBIOS 2.5 present.
[    0.000000] DMI: innotek GmbH VirtualBox/VirtualBox, BIOS VirtualBox 12/01/2006
[    0.000000] Hypervisor detected: KVM
[    0.000000] e820: last_pfn = 0x7fff0 max_arch_pfn = 0x400000000
[    0.000000] MTRR: Disabled
[    0.000000] x86/PAT: MTRRs disabled, skipping PAT initialization too.
[    0.000000] CPU MTRRs all blank - virtualized system.
[    0.000000] x86/PAT: Configuration [0-7]: WB  WT  UC- UC  WB  WT  UC- UC  
[    0.000000] found SMP MP-table at [mem 0x0009fff0-0x0009ffff] mapped at [        (ptrval)]
[    0.000000] Scanning 1 areas for low memory corruption
[    0.000000] RAMDISK: [mem 0x359d3000-0x36ce0fff]
[    0.000000] ACPI: Early table checksum verification disabled
[    0.000000] ACPI: RSDP 0x00000000000E0000 000024 (v02 VBOX  )
[    0.000000] ACPI: XSDT 0x000000007FFF0030 00003C (v01 VBOX   VBOXXSDT 00000001 ASL  00000061)
[    0.000000] ACPI: FACP 0x000000007FFF00F0 0000F4 (v04 VBOX   VBOXFACP 00000001 ASL  00000061)
[    0.000000] ACPI: DSDT 0x000000007FFF0470 0021FF (v02 VBOX   VBOXBIOS 00000002 INTL 20180105)
[    0.000000] ACPI: FACS 0x000000007FFF0200 000040
[    0.000000] ACPI: FACS 0x000000007FFF0200 000040
[    0.000000] ACPI: APIC 0x000000007FFF0240 00005C (v02 VBOX   VBOXAPIC 00000001 ASL  00000061)
[    0.000000] ACPI: SSDT 0x000000007FFF02A0 0001CC (v01 VBOX   VBOXCPUT 00000002 INTL 20180105)
[    0.000000] No NUMA configuration found
[    0.000000] Faking a node at [mem 0x0000000000000000-0x000000007ffeffff]
[    0.000000] NODE_DATA(0) allocated [mem 0x7ffc5000-0x7ffeffff]
[    0.000000] kvm-clock: cpu 0, msr 0:7ff44001, primary cpu clock
[    0.000000] kvm-clock: Using msrs 4b564d01 and 4b564d00
[    0.000000] kvm-clock: using sched offset of 5398888217 cycles
[    0.000000] clocksource: kvm-clock: mask: 0xffffffffffffffff max_cycles: 0x1cd42e4dffb, max_idle_ns: 881590591483 ns
[    0.000000] Zone ranges:
[    0.000000]   DMA      [mem 0x0000000000001000-0x0000000000ffffff]
[    0.000000]   DMA32    [mem 0x0000000001000000-0x000000007ffeffff]
[    0.000000]   Normal   empty
[    0.000000]   Device   empty
[    0.000000] Movable zone start for each node
[    0.000000] Early memory node ranges
[    0.000000]   node   0: [mem 0x0000000000001000-0x000000000009efff]
[    0.000000]   node   0: [mem 0x0000000000100000-0x000000007ffeffff]
[    0.000000] Reserved but unavailable: 114 pages
[    0.000000] Initmem setup node 0 [mem 0x0000000000001000-0x000000007ffeffff]
[    0.000000] ACPI: PM-Timer IO Port: 0x4008
[    0.000000] IOAPIC[0]: apic_id 2, version 32, address 0xfec00000, GSI 0-23
[    0.000000] ACPI: INT_SRC_OVR (bus 0 bus_irq 0 global_irq 2 dfl dfl)
[    0.000000] ACPI: INT_SRC_OVR (bus 0 bus_irq 9 global_irq 9 low level)
[    0.000000] Using ACPI (MADT) for SMP configuration information
[    0.000000] smpboot: Allowing 2 CPUs, 0 hotplug CPUs
[    0.000000] PM: Registered nosave memory: [mem 0x00000000-0x00000fff]
[    0.000000] PM: Registered nosave memory: [mem 0x0009f000-0x0009ffff]
[    0.000000] PM: Registered nosave memory: [mem 0x000a0000-0x000effff]
[    0.000000] PM: Registered nosave memory: [mem 0x000f0000-0x000fffff]
[    0.000000] e820: [mem 0x80000000-0xfebfffff] available for PCI devices
[    0.000000] Booting paravirtualized kernel on KVM
[    0.000000] clocksource: refined-jiffies: mask: 0xffffffff max_cycles: 0xffffffff, max_idle_ns: 7645519600211568 ns
[    0.000000] random: get_random_bytes called from start_kernel+0x99/0x4fd with crng_init=0
[    0.000000] setup_percpu: NR_CPUS:8192 nr_cpumask_bits:2 nr_cpu_ids:2 nr_node_ids:1
[    0.000000] percpu: Embedded 46 pages/cpu @        (ptrval) s151552 r8192 d28672 u1048576
[    0.000000] PV qspinlock hash table entries: 256 (order: 0, 4096 bytes)
[    0.000000] Built 1 zonelists, mobility grouping on.  Total pages: 515961
[    0.000000] Policy zone: DMA32
[    0.000000] Kernel command line: BOOT_IMAGE=/boot/vmlinuz-4.15.0-51-generic root=UUID=6e3e6626-edb6-47be-8d23-9abf2fdd1620 ro console=tty1 console=ttyS0
[    0.000000] Memory: 2015264K/2096696K available (12300K kernel code, 2473K rwdata, 4272K rodata, 2408K init, 2416K bss, 81432K reserved, 0K cma-reserved)
[    0.000000] SLUB: HWalign=64, Order=0-3, MinObjects=0, CPUs=2, Nodes=1
[    0.000000] Kernel/User page tables isolation: enabled
[    0.000000] ftrace: allocating 39215 entries in 154 pages
[    0.004000] Hierarchical RCU implementation.
[    0.004000] 	RCU restricting CPUs from NR_CPUS=8192 to nr_cpu_ids=2.
[    0.004000] 	Tasks RCU enabled.
[    0.004000] RCU: Adjusting geometry for rcu_fanout_leaf=16, nr_cpu_ids=2
[    0.004000] NR_IRQS: 524544, nr_irqs: 440, preallocated irqs: 16
[    0.004000] Console: colour VGA+ 80x25
[    0.004000] console [tty1] enabled
[    0.004000] console [ttyS0] enabled
[    0.004000] ACPI: Core revision 20170831
[    0.004000] ACPI: 2 ACPI AML tables successfully acquired and loaded
[    0.004000] APIC: Switch to symmetric I/O mode setup
[    0.004000] x2apic enabled
[    0.004000] Switched APIC routing to physical x2apic.
[    0.005250] ..TIMER: vector=0x30 apic1=0 pin1=2 apic2=-1 pin2=-1
[    0.008003] tsc: Detected 2394.454 MHz processor
[    0.012014] Calibrating delay loop (skipped) preset value.. 4788.90 BogoMIPS (lpj=9577816)
[    0.013412] pid_max: default: 32768 minimum: 301
[    0.014243] Security Framework initialized
[    0.014965] Yama: becoming mindful.
[    0.015619] AppArmor: AppArmor initialized
[    0.016862] Dentry cache hash table entries: 262144 (order: 9, 2097152 bytes)
[    0.018686] Inode-cache hash table entries: 131072 (order: 8, 1048576 bytes)
[    0.020021] Mount-cache hash table entries: 4096 (order: 3, 32768 bytes)
[    0.021141] Mountpoint-cache hash table entries: 4096 (order: 3, 32768 bytes)
[    0.022581] mce: CPU supports 0 MCE banks
[    0.023315] Last level iTLB entries: 4KB 1024, 2MB 1024, 4MB 1024
[    0.024003] Last level dTLB entries: 4KB 1024, 2MB 1024, 4MB 1024, 1GB 4
[    0.025112] Spectre V2 : Mitigation: Full generic retpoline
[    0.026047] Spectre V2 : Spectre v2 / SpectreRSB mitigation: Filling RSB on context switch
[    0.027435] Speculative Store Bypass: Vulnerable
[    0.028071] MDS: Vulnerable: Clear CPU buffers attempted, no microcode
[    0.029263] Freeing SMP alternatives memory: 36K
[    0.036000] smpboot: CPU0: Intel(R) Core(TM) i5-4210U CPU @ 1.70GHz (family: 0x6, model: 0x45, stepping: 0x1)
[    0.036125] Performance Events: unsupported p6 CPU model 69 no PMU driver, software events only.
[    0.044091] Hierarchical SRCU implementation.
[    0.046232] NMI watchdog: Perf event create on CPU 0 failed with -2
[    0.047791] NMI watchdog: Perf NMI watchdog permanently disabled
[    0.048095] smp: Bringing up secondary CPUs ...
[    0.049082] x86: Booting SMP configuration:
[    0.052004] .... node  #0, CPUs:      #1
[    0.004000] kvm-clock: cpu 1, msr 0:7ff44041, secondary cpu clock
[    0.004000] mce: CPU supports 0 MCE banks
[    0.058852] smp: Brought up 1 node, 2 CPUs
[    0.060007] smpboot: Max logical packages: 1
[    0.060934] smpboot: Total of 2 processors activated (9577.81 BogoMIPS)
[    0.062475] devtmpfs: initialized
[    0.062475] x86/mm: Memory block size: 128MB
[    0.064225] evm: security.selinux
[    0.064955] evm: security.SMACK64
[    0.065634] evm: security.SMACK64EXEC
[    0.066463] evm: security.SMACK64TRANSMUTE
[    0.067352] evm: security.SMACK64MMAP
[    0.068005] evm: security.apparmor
[    0.068711] evm: security.ima
[    0.069328] evm: security.capability
[    0.070099] clocksource: jiffies: mask: 0xffffffff max_cycles: 0xffffffff, max_idle_ns: 7645041785100000 ns
[    0.072025] futex hash table entries: 512 (order: 3, 32768 bytes)
[    0.073360] pinctrl core: initialized pinctrl subsystem
[    0.074560] RTC time: 15:00:11, date: 06/08/19
[    0.076200] NET: Registered protocol family 16
[    0.077104] audit: initializing netlink subsys (disabled)
[    0.080056] audit: type=2000 audit(1560006017.969:1): state=initialized audit_enabled=0 res=1
[    0.081534] cpuidle: using governor ladder
[    0.081534] cpuidle: using governor menu
[    0.084053] ACPI: bus type PCI registered
[    0.084886] acpiphp: ACPI Hot Plug PCI Controller Driver version: 0.5
[    0.086213] PCI: Using configuration type 1 for base access
[    0.089099] HugeTLB registered 2.00 MiB page size, pre-allocated 0 pages
[    0.092012] ACPI: Added _OSI(Module Device)
[    0.092986] ACPI: Added _OSI(Processor Device)
[    0.093960] ACPI: Added _OSI(3.0 _SCP Extensions)
[    0.094979] ACPI: Added _OSI(Processor Aggregator Device)
[    0.096004] ACPI: Added _OSI(Linux-Dell-Video)
[    0.096889] ACPI: Added _OSI(Linux-Lenovo-NV-HDMI-Audio)
[    0.097905] ACPI: Added _OSI(Linux-HPI-Hybrid-Graphics)
[    0.099210] ACPI: Executed 1 blocks of module-level executable AML code
[    0.104328] ACPI: Interpreter enabled
[    0.105127] ACPI: (supports S0 S5)
[    0.105817] ACPI: Using IOAPIC for interrupt routing
[    0.107048] PCI: Using host bridge windows from ACPI; if necessary, use "pci=nocrs" and report a bug
[    0.108164] ACPI: Enabled 2 GPEs in block 00 to 07
[    0.117320] ACPI: PCI Root Bridge [PCI0] (domain 0000 [bus 00-ff])
[    0.118698] acpi PNP0A03:00: _OSC: OS supports [ASPM ClockPM Segments MSI]
[    0.120063] acpi PNP0A03:00: _OSC: not requesting OS control; OS requires [ExtendedConfig ASPM ClockPM MSI]
[    0.124036] acpi PNP0A03:00: fail to add MMCONFIG information, can't access extended PCI configuration space under this bridge.
[    0.128468] PCI host bridge to bus 0000:00
[    0.132008] pci_bus 0000:00: root bus resource [io  0x0000-0x0cf7 window]
[    0.136005] pci_bus 0000:00: root bus resource [io  0x0d00-0xffff window]
[    0.137448] pci_bus 0000:00: root bus resource [mem 0x000a0000-0x000bffff window]
[    0.139091] pci_bus 0000:00: root bus resource [mem 0x80000000-0xfdffffff window]
[    0.140004] pci_bus 0000:00: root bus resource [bus 00-ff]
[    0.144505] pci 0000:00:01.1: legacy IDE quirk: reg 0x10: [io  0x01f0-0x01f7]
[    0.145937] pci 0000:00:01.1: legacy IDE quirk: reg 0x14: [io  0x03f6]
[    0.147260] pci 0000:00:01.1: legacy IDE quirk: reg 0x18: [io  0x0170-0x0177]
[    0.148004] pci 0000:00:01.1: legacy IDE quirk: reg 0x1c: [io  0x0376]
[    0.193938] pci 0000:00:07.0: quirk: [io  0x4000-0x403f] claimed by PIIX4 ACPI
[    0.196015] pci 0000:00:07.0: quirk: [io  0x4100-0x410f] claimed by PIIX4 SMB
[    0.226023] ACPI: PCI Interrupt Link [LNKA] (IRQs 5 9 10 *11)
[    0.228330] ACPI: PCI Interrupt Link [LNKB] (IRQs 5 9 *10 11)
[    0.229581] ACPI: PCI Interrupt Link [LNKC] (IRQs 5 *9 10 11)
[    0.230780] ACPI: PCI Interrupt Link [LNKD] (IRQs 5 9 10 *11)
[    0.232399] SCSI subsystem initialized
[    0.235551] pci 0000:00:02.0: vgaarb: setting as boot VGA device
[    0.235907] pci 0000:00:02.0: vgaarb: VGA device added: decodes=io+mem,owns=io+mem,locks=none
[    0.236013] pci 0000:00:02.0: vgaarb: bridge control possible
[    0.236993] vgaarb: loaded
[    0.237557] ACPI: bus type USB registered
[    0.238297] usbcore: registered new interface driver usbfs
[    0.240012] usbcore: registered new interface driver hub
[    0.241030] usbcore: registered new device driver usb
[    0.242190] EDAC MC: Ver: 3.0.0
[    0.242190] PCI: Using ACPI for IRQ routing
[    0.244306] NetLabel: Initializing
[    0.245100] NetLabel:  domain hash size = 128
[    0.246013] NetLabel:  protocols = UNLABELED CIPSOv4 CALIPSO
[    0.247139] NetLabel:  unlabeled traffic allowed by default
[    0.248088] clocksource: Switched to clocksource kvm-clock
[    0.262322] VFS: Disk quotas dquot_6.6.0
[    0.291539] VFS: Dquot-cache hash table entries: 512 (order 0, 4096 bytes)
[    0.292869] AppArmor: AppArmor Filesystem Enabled
[    0.293918] pnp: PnP ACPI init
[    0.295704] pnp: PnP ACPI: found 3 devices
[    0.30671] loksource: acpi_pm: mask: 0xffffff max_cycles: 0xfff, max_dl_n: 0870024 ns
[    0.605738] NET: Registered protol family 2

[    0.661601] TCP established hash table entries: 16384 (order: 5, 131072 bytes)
[    0.662923] TCP bind hash table entries: 16384 (order: 6, 262144 bytes)
[    0.664646] TCP: Hash tables configured (established 16384 bind 16384)
[    0.665824] UDP hash table entries: 1024 (order: 3, 32768 bytes)
[    0.666843] UDP-Lite hash table entries: 1024 (order: 3, 32768 bytes)
[    0.667981] NET: Registered protocol family 1
[    0.668802] pci 0000:00:00.0: Limiting direct PCI/PCI transfers
[    0.669829] pci 0000:00:01.0: Activating ISA DMA hang workarounds
[    0.670892] pci 0000:00:02.0: Video device with shadowed ROM at [mem 0x000c0000-0x000dffff]
[    0.672438] Unpacking initramfs...
[    0.984872] Freeing initrd memory: 19512K
[    1.041751] clocksource: tsc: mask: 0xffffffffffffffff max_cycles: 0x2283c0783fd, max_idle_ns: 440795301468 ns
[    1.043878] platform rtc_cmos: registered platform RTC device (no PNP device found)
[    1.046017] Scanning for low memory corruption every 60 seconds
[    1.048300] Initialise system trusted keyrings
[    1.065760] Key type blacklist registered
[    1.066610] workingset: timestamp_bits=36 max_order=19 bucket_order=0
[    1.068909] zbud: loaded
[    1.070010] squashfs: version 4.0 (2009/01/31) Phillip Lougher
[    1.071245] fuse init (API version 7.26)
[    1.075598] Key type asymmetric registered
[    1.076386] Asymmetric key parser 'x509' registered
[    1.077276] Block layer SCSI generic (bsg) driver version 0.4 loaded (major 246)
[    1.078617] io scheduler noop registered
[    1.079331] io scheduler deadline registered
[    1.080143] io scheduler cfq registered (default)
[    1.081343] ACPI: AC Adapter [AC] (on-line)
[    1.082158] input: Power Button as /devices/LNXSYSTM:00/LNXPWRBN:00/input/input0
[    1.083465] ACPI: Power Button [PWRF]
[    1.084249] input: Sleep Button as /devices/LNXSYSTM:00/LNXSLPBN:00/input/input1
[    1.085546] ACPI: Sleep Button [SLPF]
[    1.087279] ACPI: Battery Slot [BAT0] (battery present)
[    1.088307] Serial: 8250/16550 driver, 32 ports, IRQ sharing enabled
[    1.111846] 00:02: ttyS0 at I/O 0x3f8 (irq = 4, base_baud = 115200) is a 16550A
[    1.123678] Linux agpgart interface v0.103
[    1.132688] loop: module loaded
[    1.133922] scsi host0: ata_piix
[    1.134702] scsi host1: ata_piix
[    1.135357] ata1: PATA max UDMA/33 cmd 0x1f0 ctl 0x3f6 bmdma 0xd000 irq 14
[    1.171275] ata2: PATA max UDMA/33 cmd 0x170 ctl 0x376 bmdma 0xd008 irq 15
[    1.179843] libphy: Fixed MDIO Bus: probed
[    1.188496] tun: Universal TUN/TAP device driver, 1.6
[    1.191650] PPP generic driver version 2.4.2
[    1.192626] ehci_hcd: USB 2.0 'Enhanced' Host Controller (EHCI) Driver
[    1.194097] ehci-pci: EHCI PCI platform driver
[    1.195169] ehci-platform: EHCI generic platform driver
[    1.208446] ohci_hcd: USB 1.1 'Open' Host Controller (OHCI) Driver
[    1.209794] ohci-pci: OHCI PCI platform driver
[    1.210805] ohci-platform: OHCI generic platform driver
[    1.211977] uhci_hcd: USB Universal Host Controller Interface driver
[    1.213466] i8042: PNP: PS/2 Controller [PNP0303:PS2K,PNP0f03:PS2M] at 0x60,0x64 irq 1,12
[    1.223063] serio: i8042 KBD port at 0x60,0x64 irq 1
[    1.224065] serio: i8042 AUX port at 0x60,0x64 irq 12
[    1.225399] mousedev: PS/2 mouse device common for all mice
[    1.251862] input: AT Translated Set 2 keyboard as /devices/platform/i8042/serio0/input/input2
[    1.254241] rtc_cmos rtc_cmos: rtc core: registered rtc_cmos as rtc0
[    1.255907] rtc_cmos rtc_cmos: alarms up to one day, 114 bytes nvram
[    1.262815] i2c /dev entries driver
[    1.263906] device-mapper: uevent: version 1.0.3
[    1.265345] device-mapper: ioctl: 4.37.0-ioctl (2017-09-20) initialised: dm-devel@redhat.com
[    1.272878] ledtrig-cpu: registered to indicate activity on CPUs
[    1.275223] NET: Registered protocol family 10
[    1.282900] Segment Routing with IPv6
[    1.289224] NET: Registered protocol family 17
[    1.290612] Key type dns_resolver registered
[    1.304703] RAS: Correctable Errors collector initialized.
[    1.306296] sched_clock: Marking stable (1304634090, 0)->(2083788863, -779154773)
[    1.314232] registered taskstats version 1
[    1.315150] Loading compiled-in X.509 certificates
[    1.319384] Loaded X.509 cert 'Build time autogenerated kernel key: c1fa4cde9d34780ae4ae655b856adc042b663c06'
[    1.336589] zswap: loaded using pool lzo/zbud
[    1.353343] Key type big_key registered
[    1.354317] Key type trusted registered
[    1.357789] Key type encrypted registered
[    1.358882] AppArmor: AppArmor sha1 policy hashing enabled
[    1.360309] ima: No TPM chip found, activating TPM-bypass! (rc=-19)
[    1.361842] ima: Allocated hash algorithm: sha1
[    1.362681] evm: HMAC attrs: 0x1
[    1.363674]   Magic number: 7:153:32
[    1.364648] rtc_cmos rtc_cmos: setting system clock to 2019-06-08 15:00:12 UTC (1560006012)
[    1.380776] BIOS EDD facility v0.16 2004-Jun-25, 0 devices found
[    1.382095] EDD information not available.
[    1.385831] Freeing unused kernel image memory: 2408K
[    1.400176] Write protecting the kernel read-only data: 20480k
[    1.403175] Freeing unused kernel image memory: 2008K
[    1.405469] Freeing unused kernel image memory: 1872K
[    1.414822] x86/mm: Checked W+X mappings: passed, no W+X pages found.
[    1.461318] x86/mm: Checking user space page tables
[    1.469642] x86/mm: Checked W+X mappings: passed, no W+X pages found.
Loading, please wait...
starting version 237
[    1.604533] e1000: Intel(R) PRO/1000 Network Driver - version 7.3.21-k8-NAPI
[    1.608616] e1000: Copyright (c) 1999-2006 Intel Corporation.
[    1.627475] Fusion MPT base driver 3.04.20
[    1.628501] Copyright (c) 1999-2008 LSI Corporation
[    1.634135] Fusion MPT SPI Host driver 3.04.20
[    1.642986] mptbase: ioc0: Initiating bringup
[    1.663994] AVX2 version of gcm_enc/dec engaged.
[    1.665368] AES CTR mode by8 optimization enabled
[    1.740255] ioc0: LSI53C1030 A0: Capabilities={Initiator}
[    1.837565] input: ImExPS/2 Generic Explorer Mouse as /devices/platform/i8042/serio1/input/input4
[    2.047661] scsi host2: ioc0: LSI53C1030 A0, FwRev=00000000h, Ports=1, MaxQ=256, IRQ=20
[    2.282914] scsi 2:0:0:0: Direct-Access     VBOX     HARDDISK         1.0  PQ: 0 ANSI: 5
[    2.320178] scsi target2:0:0: Beginning Domain Validation
[    2.323108] scsi target2:0:0: Domain Validation skipping write tests
[    2.326027] scsi target2:0:0: Ending Domain Validation
[    2.327612] scsi target2:0:0: asynchronous
[    2.329526] scsi 2:0:1:0: Direct-Access     VBOX     HARDDISK         1.0  PQ: 0 ANSI: 5
[    2.612125] scsi target2:0:1: Beginning Domain Validation
[    2.651792] random: fast init done
[    2.653040] scsi target2:0:1: Domain Validation skipping write tests
[    2.654800] e1000 0000:00:03.0 eth0: (PCI:33MHz:32-bit) 02:74:f0:c0:9d:60
[    2.654809] e1000 0000:00:03.0 eth0: Intel(R) PRO/1000 Network Connection
[    2.678316] scsi target2:0:1: Ending Domain Validation
[    2.679272] random: systemd-udevd: uninitialized urandom read (16 bytes read)
[    2.680598] random: systemd-udevd: uninitialized urandom read (16 bytes read)
[    2.681815] random: systemd-udevd: uninitialized urandom read (16 bytes read)
[    2.683220] scsi target2:0:1: asynchronous
[    2.687869] sd 2:0:0:0: [sda] 20971520 512-byte logical blocks: (10.7 GB/10.0 GiB)
[    2.689805] sd 2:0:0:0: [sda] Write Protect is off
[    2.696505] sd 2:0:0:0: [sda] Incomplete mode parameter data
[    2.697888] sd 2:0:0:0: [sda] Assuming drive cache: write through
[    2.699424] sd 2:0:0:0: Attached scsi generic sg0 type 0
[    2.707315] sd 2:0:1:0: Attached scsi generic sg1 type 0
[    2.725958]  sda: sda1
[    2.727005] sd 2:0:1:0: [sdb] 20480 512-byte logical blocks: (10.5 MB/10.0 MiB)
[    2.729286] sd 2:0:1:0: [sdb] Write Protect is off
[    2.736333] sd 2:0:0:0: [sda] Attached SCSI disk
[    2.743927] sd 2:0:1:0: [sdb] Incomplete mode parameter data
[    2.746535] sd 2:0:1:0: [sdb] Assuming drive cache: write through
[    2.796359] sd 2:0:1:0: [sdb] Attached SCSI disk
[    3.056485] e1000 0000:00:08.0 eth1: (PCI:33MHz:32-bit) 08:00:27:11:75:13
[    3.071927] e1000 0000:00:08.0 eth1: Intel(R) PRO/1000 Network Connection
[    3.074732] e1000 0000:00:03.0 enp0s3: renamed from eth0
[    3.092330] e1000 0000:00:08.0 enp0s8: renamed from eth1
Begin: Loading essential drivers ... [    4.624069] raid6: sse2x1   gen()  8552 MB/s
[    4.676038] raid6: sse2x1   xor()  5673 MB/s
[    4.736046] raid6: sse2x2   gen()  8731 MB/s
[    4.784064] raid6: sse2x2   xor()  5954 MB/s
[    4.833623] raid6: sse2x4   gen() 10927 MB/s
[    4.892062] raid6: sse2x4   xor()  5506 MB/s
[    4.944063] raid6: avx2x1   gen() 13731 MB/s
[    4.992055] raid6: avx2x1   xor() 10830 MB/s
[    5.044065] raid6: avx2x2   gen() 16328 MB/s
[    5.092059] raid6: avx2x2   xor()  8518 MB/s
[    5.152073] raid6: avx2x4   gen() 19709 MB/s
[    5.204080] raid6: avx2x4   xor()  9761 MB/s
[    5.210202] raid6: using algorithm avx2x4 gen() 19709 MB/s
[    5.213602] raid6: .... xor() 9761 MB/s, rmw enabled
[    5.220249] raid6: using avx2x2 recovery algorithm
[    5.222893] xor: automatically using best checksumming function   avx       
[    5.225983] async_tx: api initialized (async)
done.
Begin: Running /scripts/init-premount ... done.
Begin: Mounting root file sys[    5.296046] Btrfs loaded, crc32c=crc32c-intel
tem ... Begin: Running /scripts/local-top ... done.
Begin: Running /scripts/local-premount ... Scanning for Btrfs filesystems
done.
Warning: fsck no[    5.775716] EXT4-fs (sda1): INFO: recovery required on readonly filesystem
t present, so skipping root file system
[    5.788116] EXT4-fs (sda1): write access will be enabled during recovery
[    7.341215] EXT4-fs (sda1): orphan cleanup on readonly fs
[    7.342890] EXT4-fs (sda1): 5 orphan inodes deleted
[    7.344003] EXT4-fs (sda1): recovery complete
[    7.345927] EXT4-fs (sda1): mounted filesystem with ordered data mode. Opts: (null)
done.
Begin: Running /scripts/local-bottom ... done.
Begin: Running /scripts/init-bottom ... done.
[   10.054300] random: crng init done
[   10.110778] random: 7 urandom warning(s) missed due to ratelimiting
[   14.157255] ip_tables: (C) 2000-2006 Netfilter Core Team
[   14.493811] systemd[1]: systemd 237 running in system mode. (+PAM +AUDIT +SELINUX +IMA +APPARMOR +SMACK +SYSVINIT +UTMP +LIBCRYPTSETUP +GCRYPT +GNUTLS +ACL +XZ +LZ4 +SECCOMP +BLKID +ELFUTILS +KMOD -IDN2 +IDN -PCRE2 default-hierarchy=hybrid)
[   14.943112] systemd[1]: Detected virtualization oracle.
[   14.944079] systemd[1]: Detected architecture x86-64.

Welcome to [1mUbuntu 18.04.2 LTS[0m!

[   15.008042] systemd[1]: Set hostname to <worker-1>.
[   22.426958] systemd[1]: Started Forward Password Requests to Wall Directory Watch.
[[0;32m  OK  [0m] Started Forward Password Requests to Wall Directory Watch.
[   22.595798] systemd[1]: Reached target Swap.
[[0;32m  OK  [0m] Reached target Swap.
[   22.597436] systemd[1]: Reached target System Time Synchronized.
[[0;32m  OK  [0m] Reached target System Time Synchronized.
[   22.601720] systemd[1]: Created slice System Slice.
[[0;32m  OK  [0m] Created slice System Slice.
[   22.603741] systemd[1]: Listening on Journal Audit Socket.
[[0;32m  OK  [0m] Listening on Journal Audit Socket.
[   22.608211] systemd[1]: Listening on Syslog Socket.
[[0;32m  OK  [0m] Listening on Syslog Socket.
[   22.610462] systemd[1]: Listening on Journal Socket.
[[0;32m  OK  [0m] Listening on Journal Socket.
[   22.613131] systemd[1]: Mounting POSIX Message Queue File System...
         Mounting POSIX Message Queue File System...
[   22.630842] systemd[1]: Listening on Device-mapper event daemon FIFOs.
[[0;32m  OK  [0m] Listening on Device-mapper event daemon FIFOs.
[   22.640300] systemd[1]: Starting Remount Root and Kernel File Systems...
         Starting Remount Root and Kernel File Systems...
         Mounting Huge Pages File System...
[[0;32m  OK  [0m] Listening on LVM2 poll daemon socket.
[[0;32m  OK  [0m] Reached target User and Group Name Lookups.
[[0;32m  OK  [0m] Listening on udev Control Socket.
[[0;32m  OK  [0m] Listening on LVM2 metadata daemon socket.
[[0;32m  OK  [0m] Created slice User and Session Slice.
[[0;32m  OK  [0m] Reached target Slices.
         Starting Monitoring of LVM2 mirrors…ng dmeventd or progress polling...
         Starting Uncomplicated firewall...
         Starting Load Kernel Modules...
[[0;32m  OK  [0m] Listening on Network Service Netlink Socket.
         Mounting Kernel Debug File System...
[[0;32m  OK  [0m] Created slice system-serial\x2dgetty.slice.
         Starting Create list of required st…ce nodes for the current kernel...
[[0;32m  OK  [0m] Set up automount Arbitrary Executab…rmats File System Automount Point.
[[0;32m  OK  [0m] Listening on udev Kernel Socket.
         Starting udev Coldplug all Devices...
[[0;32m  OK  [0m] Listening on Journal Socket (/dev/log).
         Starting Journal Service...
[[0;32m  OK  [0m] Listening on /dev/initctl Compatibility Named Pipe.
         Starting Set the console keyboard layout...
[[0;32m  OK  [0m] Started Uncomplicated firewall.
[[0;32m  OK  [0m] Started udev Coldplug all Devices.
[   23.652515] Loading iSCSI transport class v2.0-870.
[[0;32m  OK  [0m] Started Journal Service.
[[0;32m  OK  [0m] Started Create list of required sta…vice nodes for the current kernel.
         Starting Create Static Device Nodes in /dev...
[   24.114965] iscsi: registered transport (tcp)
[   24.773819] iscsi: registered transport (iser)
[[0;32m  OK  [0m] Started Load Kernel Modules.
         Starting Apply Kernel Variables...
         Mounting Kernel Configuration File System...
         Mounting FUSE Control File System...
[[0;32m  OK  [0m] Started Apply Kernel Variables.
[[0;32m  OK  [0m] Started Create Static Device Nodes in /dev.
[[0;32m  OK  [0m] Mounted Huge Pages File System.
[[0;32m  OK  [0m] Mounted POSIX Message Queue File System.
[[0;32m  OK  [0m] Mounted Kernel Debug File System.
[[0;32m  OK  [0m] Mounted Kernel Configuration File System.
[[0;32m  OK  [0m] Started Remount Root and Kernel File Systems.
[[0;32m  OK  [0m] Mounted FUSE Control File System.
         Starting Flush Journal to Persistent Storage...
         Starting udev Kernel Device Manager...
         Starting Load/Save Random Seed...
[[0;32m  OK  [0m] Started Set the console keyboard layout.
[[0;32m  OK  [0m] Started Load/Save Random Seed.
[[0;32m  OK  [0m] Started LVM2 metadata daemon.
[[0;32m  OK  [0m] Started Monitoring of LVM2 mirrors,…sing dmeventd or progress polling.
[[0;32m  OK  [0m] Reached target Local File Systems (Pre).
[[0;32m  OK  [0m] Reached target Local File Systems.
         Starting Tell Plymouth To Write Out Runtime Data...
         Starting Set console font and keymap...
         Starting ebtables ruleset management...
         Starting AppArmor initialization...
[[0;32m  OK  [0m] Started Set console font and keymap.
[[0;32m  OK  [0m] Started Tell Plymouth To Write Out Runtime Data.
[[0;32m  OK  [0m] Started udev Kernel Device Manager.
[[0;32m  OK  [0m] Started Dispatch Password Requests to Console Directory Watch.
[[0;32m  OK  [0m] Reached target Local Encrypted Volumes.
[[0;32m  OK  [0m] Started ebtables ruleset management.
[[0;32m  OK  [0m] Started Flush Journal to Persistent Storage.
         Starting Create Volatile Files and Directories...
[[0;32m  OK  [0m] Found device /dev/ttyS0.
[[0;32m  OK  [0m] Started Create Volatile Files and Directories.
         Starting Update UTMP about System Boot/Shutdown...
[[0;32m  OK  [0m] Listening on Load/Save RF Kill Switch Status /dev/rfkill Watch.
[[0;32m  OK  [0m] Started Update UTMP about System Boot/Shutdown.
[[0;32m  OK  [0m] Started AppArmor initialization.
         Starting Initial cloud-init job (pre-networking)...
[   52.377624] cloud-init[542]: Cloud-init v. 18.5-45-g3554ffe8-0ubuntu1~18.04.1 running 'init-local' at Sat, 08 Jun 2019 15:01:02 +0000. Up 51.27 seconds.
[[0;32m  OK  [0m] Started Initial cloud-init job (pre-networking).
[[0;32m  OK  [0m] Reached target Network (Pre).
         Starting Network Service...
[[0;32m  OK  [0m] Started Network Service.
         Starting Wait for Network to be Configured...
         Starting Network Name Resolution...
[[0;32m  OK  [0m] Started Network Name Resolution.
[[0;32m  OK  [0m] Reached target Network.
[[0;32m  OK  [0m] Reached target Host and Network Name Lookups.
[[0;32m  OK  [0m] Started Wait for Network to be Configured.
         Starting Initial cloud-init job (metadata service crawler)...
[   56.466884] cloud-init[681]: Cloud-init v. 18.5-45-g3554ffe8-0ubuntu1~18.04.1 running 'init' at Sat, 08 Jun 2019 15:01:07 +0000. Up 55.99 seconds.
[   56.494772] cloud-init[681]: ci-info: ++++++++++++++++++++++++++++++++++++++Net device info+++++++++++++++++++++++++++++++++++++++
[   56.539246] cloud-init[681]: ci-info: +--------+------+-----------------------------+---------------+--------+-------------------+
[   56.550546] cloud-init[681]: ci-info: | Device |  Up  |           Address           |      Mask     | Scope  |     Hw-Address    |
[   56.582136] cloud-init[681]: ci-info: +--------+------+-----------------------------+---------------+--------+-------------------+
[   56.584411] cloud-init[681]: ci-info: | enp0s3 | True |          10.0.2.15          | 255.255.255.0 | global | 02:74:f0:c0:9d:60 |
[   56.587896] cloud-init[681]: ci-info: | enp0s3 | True |  fe80::74:f0ff:fec0:9d60/64 |       .       |  link  | 02:74:f0:c0:9d:60 |
[   56.674078] cloud-init[681]: ci-info: | enp0s8 | True |         10.133.7.101        | 255.255.255.0 | global | 08:00:27:11:75:13 |
[   56.707646] cloud-init[681]: ci-info: | enp0s8 | True | fe80::a00:27ff:fe11:7513/64 |       .       |  link  | 08:00:27:11:75:13 |
[   56.775661] cloud-init[681]: ci-info: |   lo   | True |          127.0.0.1          |   255.0.0.0   |  host  |         .         |
[   56.841065] cloud-init[681]: ci-info: |   lo   | True |           ::1/128           |       .       |  host  |         .         |
[   56.882273] cloud-init[681]: ci-info: +--------+------+-----------------------------+---------------+--------+-------------------+
[   56.915175] cloud-init[681]: ci-info: ++++++++++++++++++++++++++++Route IPv4 info+++++++++++++++++++++++++++++
[   56.916953] cloud-init[681]: ci-info: +-------+-------------+----------+-----------------+-----------+-------+
[   56.937650] cloud-init[681]: ci-info: | Route | Destination | Gateway  |     Genmask     | Interface | Flags |
[   56.941629] cloud-init[681]: ci-info: +-------+-------------+----------+-----------------+-----------+-------+
[   56.944877] cloud-init[681]: ci-info: |   0   |   0.0.0.0   | 10.0.2.2 |     0.0.0.0     |   enp0s3  |   UG  |
[   56.957112] cloud-init[681]: ci-info: |   1   |   10.0.2.0  | 0.0.0.0  |  255.255.255.0  |   enp0s3  |   U   |
[   56.960157] cloud-init[681]: ci-info: |   2   |   10.0.2.2  | 0.0.0.0  | 255.255.255.255 |   enp0s3  |   UH  |
[   56.963201] cloud-init[681]: ci-info: |   3   |  10.133.7.0 | 0.0.0.0  |  255.255.255.0  |   enp0s8  |   U   |
[   56.990044] cloud-init[681]: ci-info: +-------+-------------+----------+-----------------+-----------+-------+
[   57.007523] cloud-init[681]: ci-info: +++++++++++++++++++Route IPv6 info+++++++++++++++++++
[   57.035346] cloud-init[681]: ci-info: +-------+-------------+---------+-----------+-------+
[   57.125071] cloud-init[681]: ci-info: | Route | Destination | Gateway | Interface | Flags |
[   57.162389] cloud-init[681]: ci-info: +-------+-------------+---------+-----------+-------+
[   57.172518] cloud-init[681]: ci-info: |   1   |  fe80::/64  |    ::   |   enp0s8  |   U   |
[   57.184095] cloud-init[681]: ci-info: |   2   |  fe80::/64  |    ::   |   enp0s3  |   U   |
[   57.185701] cloud-init[681]: ci-info: |   4   |    local    |    ::   |   enp0s3  |   U   |
[   57.188381] cloud-init[681]: ci-info: |   5   |    local    |    ::   |   enp0s8  |   U   |
[   57.207123] cloud-init[681]: ci-info: |   6   |   ff00::/8  |    ::   |   enp0s8  |   U   |
[   57.215077] cloud-init[681]: ci-info: |   7   |   ff00::/8  |    ::   |   enp0s3  |   U   |
[   57.240389] cloud-init[681]: ci-info: +-------+-------------+---------+-----------+-------+
[[0;32m  OK  [0m] Started Initial cloud-init job (metadata service crawler).
[[0;32m  OK  [0m] Reached target Cloud-config availability.
[[0;32m  OK  [0m] Reached target Network is Online.
         Starting Availability of block devices...
[[0;32m  OK  [0m] Reached target Remote File Systems (Pre).
[[0;32m  OK  [0m] Reached target Remote File Systems.
[[0;32m  OK  [0m] Reached target System Initialization.
[[0;32m  OK  [0m] Listening on ACPID Listen Socket.
[[0;32m  OK  [0m] Started Discard unused blocks once a week.
[[0;32m  OK  [0m] Started Message of the Day.
[[0;32m  OK  [0m] Listening on D-Bus System Message Bus Socket.
[[0;32m  OK  [0m] Listening on UUID daemon activation socket.
         Starting Docker Socket for the API.
[[0;32m  OK  [0m] Started Daily apt download activities.
[[0;32m  OK  [0m] Started Daily apt upgrade and clean activities.
[[0;32m  OK  [0m] Started ACPI Events Check.
[[0;32m  OK  [0m] Reached target Paths.
[[0;32m  OK  [0m] Listening on Open-iSCSI iscsid Socket.
         Starting Socket activation for snappy daemon.
[[0;32m  OK  [0m] Started Daily Cleanup of Temporary Directories.
[[0;32m  OK  [0m] Reached target Timers.
         Starting LXD - unix socket.
[[0;32m  OK  [0m] Started Availability of block devices.
[[0;32m  OK  [0m] Listening on Docker Socket for the API.
[[0;32m  OK  [0m] Listening on Socket activation for snappy daemon.
[[0;32m  OK  [0m] Listening on LXD - unix socket.
[[0;32m  OK  [0m] Reached target Sockets.
[[0;32m  OK  [0m] Reached target Basic System.
         Starting Login Service...
[[0;32m  OK  [0m] Started Deferred execution scheduler.
         Starting System Logging Service...
         Starting LXD - container startup/shutdown...
[[0;32m  OK  [0m] Started D-Bus System Message Bus.
[[0;32m  OK  [0m] Started Login Service.
[[0;32m  OK  [0m] Started Unattended Upgrades Shutdown.
         Starting OpenBSD Secure Shell server...
         Starting LSB: ipvsadm daemon...
         Starting Accounts Service...
         Starting Permit User Sessions...
         Starting LSB: Record successful boot for GRUB...
         Starting LSB: automatic crash report generation...
[[0;32m  OK  [0m] Started irqbalance daemon.
[[0;32m  OK  [0m] Started FUSE filesystem for LXC.
         Starting Virtualbox guest utils...
         Starting Snappy daemon...
         Starting containerd container runtime...
[[0;32m  OK  [0m] Started Regular background program processing daemon.
         Starting Dispatcher daemon for systemd-networkd...
[[0;32m  OK  [0m] Started kubelet: The Kubernetes Node Agent.
[[0;32m  OK  [0m] Started System Logging Service.
[[0;32m  OK  [0m] Started Permit User Sessions.
[[0;32m  OK  [0m] Started containerd container runtime.
         Starting Docker Application Container Engine...
         Starting Terminate Plymouth Boot Screen...
         Starting Hold until boot process finishes up...
[[0;32m  OK  [0m] Started Hold until boot process finishes up.
[[0;32m  OK  [0m] Started Terminate Plymouth Boot Screen.
[[0;32m  OK  [0m] Started Serial Getty on ttyS0.
         Starting Set console scheme...
[[0;32m  OK  [0m] Started LSB: ipvsadm daemon.
[[0;32m  OK  [0m] Started Set console scheme.
[[0;32m  OK  [0m] Created slice system-getty.slice.
[[0;32m  OK  [0m] Started Getty on tty1.
[[0;32m  OK  [0m] Reached target Login Prompts.
[[0;32m  OK  [0m] Started LSB: automatic crash report generation.
         Starting Authorization Manager...
[[0;32m  OK  [0m] Started LSB: Record successful boot for GRUB.

Ubuntu 18.04.2 LTS worker-1 ttyS0

worker-1 login: [  101.273089] cloud-init[1379]: Cloud-init v. 18.5-45-g3554ffe8-0ubuntu1~18.04.1 running 'modules:config' at Sat, 08 Jun 2019 15:01:49 +0000. Up 98.81 seconds.
[  163.636186] cloud-init[2526]: Cloud-init v. 18.5-45-g3554ffe8-0ubuntu1~18.04.1 running 'modules:final' at Sat, 08 Jun 2019 15:02:53 +0000. Up 162.65 seconds.
[  163.636811] cloud-init[2526]: Cloud-init v. 18.5-45-g3554ffe8-0ubuntu1~18.04.1 finished at Sat, 08 Jun 2019 15:02:54 +0000. Datasource DataSourceNoCloud [seed=/dev/sdb][dsmode=net].  Up 163.61 seconds

[   67.305843] cloud-init[2472]: Cloud-init v. 18.5-45-g3554ffe8-0ubuntu1~18.04.1 finished at Sat, 08 Jun 2019 15:00:07 +0000. Datasource DataSourceNoCloud [seed=/dev/sdb][dsmode=net].  Up 67.29 seconds
